<?xml version="1.0" encoding="UTF-8"?>
<!-- Generated by org.testng.reporters.JUnitXMLReporter -->
<testsuite hostname="Balaji-PC" name="Default test" tests="4" failures="0" timestamp="1 Jul 2020 18:19:57 GMT" time="0.083" errors="0">
  <testcase name="method_08" time="0.018" classname="testcases.TC_02"/>
  <testcase name="method_07" time="0.007" classname="testcases.TC_02"/>
  <testcase name="method_06" time="0.003" classname="testcases.TC_02"/>
  <testcase name="method_05" time="0.003" classname="testcases.TC_02"/>
</testsuite> <!-- Default test -->
