<?xml version="1.0" encoding="UTF-8"?>
<!-- Generated by org.testng.reporters.JUnitXMLReporter -->
<testsuite hostname="Balaji-PC" name="Listeners-example" tests="4" failures="1" timestamp="4 Jun 2020 18:24:43 GMT" time="0.098" errors="0">
  <testcase name="method_01" time="0.027" classname="testcases.TC_01"/>
  <testcase name="method_02" time="0.007" classname="testcases.TC_01"/>
  <testcase name="method_04" time="0.003" classname="testcases.TC_01">
    <failure type="java.lang.AssertionError" message="expected [false] but found [true]">
      <![CDATA[java.lang.AssertionError: expected [false] but found [true]
	at testcases.TC_01.method_04(TC_01.java:33)
... Removed 29 stack frames]]>
    </failure>
  </testcase> <!-- method_04 -->
  <testcase name="method_03" time="0.003" classname="testcases.TC_01"/>
</testsuite> <!-- Listeners-example -->
