<?xml version="1.0" encoding="UTF-8"?>
<!-- Generated by org.testng.reporters.JUnitXMLReporter -->
<testsuite hostname="Balaji-PC" name="Listeners-example-02" tests="4" failures="1" timestamp="5 Jun 2020 16:14:34 GMT" time="0.031" errors="0">
  <testcase name="method_01" time="0.003" classname="testcases.TC_02"/>
  <testcase name="method_02" time="0.004" classname="testcases.TC_02"/>
  <testcase name="method_04" time="0.003" classname="testcases.TC_02">
    <failure type="java.lang.AssertionError" message="expected [false] but found [true]">
      <![CDATA[java.lang.AssertionError: expected [false] but found [true]
	at testcases.TC_02.method_04(TC_02.java:33)
... Removed 29 stack frames]]>
    </failure>
  </testcase> <!-- method_04 -->
  <testcase name="method_03" time="0.002" classname="testcases.TC_02"/>
</testsuite> <!-- Listeners-example-02 -->
