<?xml version="1.0" encoding="UTF-8"?>
<!-- Generated by org.testng.reporters.JUnitXMLReporter -->
<testsuite hostname="Balaji-PC" name="Test" tests="4" failures="1" timestamp="2 Jun 2020 08:25:18 GMT" time="0.09" errors="0">
  <testcase name="method_01" time="0.026" classname="testcases.TC_01"/>
  <testcase name="method_02" time="0.003" classname="testcases.TC_01"/>
  <testcase name="method_03" time="0.003" classname="testcases.TC_01"/>
  <testcase name="method_04" time="0.009" classname="testcases.TC_01">
    <failure type="java.lang.AssertionError" message="expected [false] but found [true]">
      <![CDATA[java.lang.AssertionError: expected [false] but found [true]
	at testcases.TC_01.method_04(TC_01.java:33)
... Removed 29 stack frames]]>
    </failure>
  </testcase> <!-- method_04 -->
</testsuite> <!-- Test -->
