<?xml version="1.0" encoding="UTF-8"?>
<!-- Generated by org.testng.reporters.JUnitXMLReporter -->
<testsuite hostname="Balaji-PC" name="Listeners-Ex-Test-Group-02" tests="4" failures="1" timestamp="28 Jun 2020 16:05:18 GMT" time="0.039" errors="0">
  <testcase name="method_05" time="0.004" classname="testcases.TC_02"/>
  <testcase name="method_06" time="0.006" classname="testcases.TC_02"/>
  <testcase name="method_07" time="0.003" classname="testcases.TC_02"/>
  <testcase name="method_08" time="0.002" classname="testcases.TC_02">
    <failure type="java.lang.AssertionError" message="expected [false] but found [true]">
      <![CDATA[java.lang.AssertionError: expected [false] but found [true]
	at testcases.TC_02.method_08(TC_02.java:33)
... Removed 29 stack frames]]>
    </failure>
  </testcase> <!-- method_08 -->
</testsuite> <!-- Listeners-Ex-Test-Group-02 -->
