<?xml version="1.0" encoding="UTF-8"?>
<!-- Generated by org.testng.reporters.JUnitXMLReporter -->
<testsuite hostname="Balaji-PC" name="Listeners-Ex-Test-Group-01" tests="7" failures="1" timestamp="1 Jul 2020 18:20:41 GMT" time="0.1" errors="0">
  <testcase name="method_02" time="0.022" classname="testcases.TC_01"/>
  <testcase name="method_08" time="0.004" classname="testcases.TC_02"/>
  <testcase name="method_01" time="0.002" classname="testcases.TC_01"/>
  <testcase name="method_04" time="0.003" classname="testcases.TC_01">
    <failure type="java.lang.AssertionError" message="expected [false] but found [true]">
      <![CDATA[java.lang.AssertionError: expected [false] but found [true]
	at testcases.TC_01.method_04(TC_01.java:33)
... Removed 29 stack frames]]>
    </failure>
  </testcase> <!-- method_04 -->
  <testcase name="method_07" time="0.002" classname="testcases.TC_02"/>
  <testcase name="method_06" time="0.002" classname="testcases.TC_02"/>
  <testcase name="method_05" time="0.002" classname="testcases.TC_02"/>
</testsuite> <!-- Listeners-Ex-Test-Group-01 -->
