<?xml version="1.0" encoding="UTF-8"?>
<!-- Generated by org.testng.reporters.JUnitXMLReporter -->
<testsuite hostname="Balaji-PC" name="Listeners-Ex-Test-Group-03" tests="4" failures="1" timestamp="28 Jun 2020 16:05:18 GMT" time="0.069" errors="0">
  <testcase name="method_09" time="0.005" classname="testcases.TC_03"/>
  <testcase name="method_10" time="0.003" classname="testcases.TC_03"/>
  <testcase name="method_11" time="0.008" classname="testcases.TC_03"/>
  <testcase name="method_12" time="0.009" classname="testcases.TC_03">
    <failure type="java.lang.AssertionError" message="expected [false] but found [true]">
      <![CDATA[java.lang.AssertionError: expected [false] but found [true]
	at testcases.TC_03.method_12(TC_03.java:33)
... Removed 29 stack frames]]>
    </failure>
  </testcase> <!-- method_12 -->
</testsuite> <!-- Listeners-Ex-Test-Group-03 -->
